<?xml version="1.0" encoding="UTF-8"?>
<!-- Generated by org.testng.reporters.JUnitReportReporter -->
<testsuite hostname="DESKTOP-H47J22D" failures="0" tests="1" name="testCase1.MvnTstCases" time="9.936" errors="0" timestamp="2022-08-01T22:47:46 IST" skipped="0">
  <testcase classname="testCase1.MvnTstCases" name="chromeTst" time="9.936"/>
  <system-out/>
</testsuite> <!-- testCase1.MvnTstCases -->
